<?xml version="1.0" encoding="UTF-8"?>
<testsuites>
  <testsuite name="/Users/vitorpaiva/Documents/Projects/pos-grad/ddd-orders-php/phpunit.xml" tests="43" assertions="91" errors="0" failures="0" skipped="0" time="0.024416">
    <testsuite name="Unit" tests="37" assertions="73" errors="0" failures="0" skipped="0" time="0.013645">
      <testsuite name="Orders\Tests\Unit\Adapters\OrderJsonAdapterTest" file="/Users/vitorpaiva/Documents/Projects/pos-grad/ddd-orders-php/tests/Unit/Adapters/OrderJsonAdapterTest.php" tests="4" assertions="11" errors="0" failures="0" skipped="0" time="0.003249">
        <testcase name="testToOrderDataReturnsCorrectStructure" file="/Users/vitorpaiva/Documents/Projects/pos-grad/ddd-orders-php/tests/Unit/Adapters/OrderJsonAdapterTest.php" line="20" class="Orders\Tests\Unit\Adapters\OrderJsonAdapterTest" classname="Orders.Tests.Unit.Adapters.OrderJsonAdapterTest" assertions="5" time="0.002603"/>
        <testcase name="testThrowsWhenCustomerIdMissing" file="/Users/vitorpaiva/Documents/Projects/pos-grad/ddd-orders-php/tests/Unit/Adapters/OrderJsonAdapterTest.php" line="32" class="Orders\Tests\Unit\Adapters\OrderJsonAdapterTest" classname="Orders.Tests.Unit.Adapters.OrderJsonAdapterTest" assertions="2" time="0.000436"/>
        <testcase name="testThrowsWhenItemsEmpty" file="/Users/vitorpaiva/Documents/Projects/pos-grad/ddd-orders-php/tests/Unit/Adapters/OrderJsonAdapterTest.php" line="43" class="Orders\Tests\Unit\Adapters\OrderJsonAdapterTest" classname="Orders.Tests.Unit.Adapters.OrderJsonAdapterTest" assertions="2" time="0.000106"/>
        <testcase name="testThrowsWhenShippingAddressNotObject" file="/Users/vitorpaiva/Documents/Projects/pos-grad/ddd-orders-php/tests/Unit/Adapters/OrderJsonAdapterTest.php" line="54" class="Orders\Tests\Unit\Adapters\OrderJsonAdapterTest" classname="Orders.Tests.Unit.Adapters.OrderJsonAdapterTest" assertions="2" time="0.000105"/>
      </testsuite>
      <testsuite name="Orders\Tests\Unit\Adapters\ProductsAdapterTest" file="/Users/vitorpaiva/Documents/Projects/pos-grad/ddd-orders-php/tests/Unit/Adapters/ProductsAdapterTest.php" tests="3" assertions="6" errors="0" failures="0" skipped="0" time="0.000473">
        <testcase name="testItemsToRequest" file="/Users/vitorpaiva/Documents/Projects/pos-grad/ddd-orders-php/tests/Unit/Adapters/ProductsAdapterTest.php" line="12" class="Orders\Tests\Unit\Adapters\ProductsAdapterTest" classname="Orders.Tests.Unit.Adapters.ProductsAdapterTest" assertions="2" time="0.000226"/>
        <testcase name="testResponseToResultSuccess" file="/Users/vitorpaiva/Documents/Projects/pos-grad/ddd-orders-php/tests/Unit/Adapters/ProductsAdapterTest.php" line="23" class="Orders\Tests\Unit\Adapters\ProductsAdapterTest" classname="Orders.Tests.Unit.Adapters.ProductsAdapterTest" assertions="2" time="0.000131"/>
        <testcase name="testResponseToResultFailure" file="/Users/vitorpaiva/Documents/Projects/pos-grad/ddd-orders-php/tests/Unit/Adapters/ProductsAdapterTest.php" line="33" class="Orders\Tests\Unit\Adapters\ProductsAdapterTest" classname="Orders.Tests.Unit.Adapters.ProductsAdapterTest" assertions="2" time="0.000116"/>
      </testsuite>
      <testsuite name="Orders\Tests\Unit\Domain\Entities\OrderTest" file="/Users/vitorpaiva/Documents/Projects/pos-grad/ddd-orders-php/tests/Unit/Domain/Entities/OrderTest.php" tests="6" assertions="14" errors="0" failures="0" skipped="0" time="0.005553">
        <testcase name="testCreatesOrderWithDefaults" file="/Users/vitorpaiva/Documents/Projects/pos-grad/ddd-orders-php/tests/Unit/Domain/Entities/OrderTest.php" line="15" class="Orders\Tests\Unit\Domain\Entities\OrderTest" classname="Orders.Tests.Unit.Domain.Entities.OrderTest" assertions="4" time="0.004506"/>
        <testcase name="testUpdateStatus" file="/Users/vitorpaiva/Documents/Projects/pos-grad/ddd-orders-php/tests/Unit/Domain/Entities/OrderTest.php" line="25" class="Orders\Tests\Unit\Domain\Entities\OrderTest" classname="Orders.Tests.Unit.Domain.Entities.OrderTest" assertions="1" time="0.000186"/>
        <testcase name="testUpdateStatusThrowsOnInvalidTransition" file="/Users/vitorpaiva/Documents/Projects/pos-grad/ddd-orders-php/tests/Unit/Domain/Entities/OrderTest.php" line="33" class="Orders\Tests\Unit\Domain\Entities\OrderTest" classname="Orders.Tests.Unit.Domain.Entities.OrderTest" assertions="2" time="0.000180"/>
        <testcase name="testThrowsWhenCustomerIdEmpty" file="/Users/vitorpaiva/Documents/Projects/pos-grad/ddd-orders-php/tests/Unit/Domain/Entities/OrderTest.php" line="43" class="Orders\Tests\Unit\Domain\Entities\OrderTest" classname="Orders.Tests.Unit.Domain.Entities.OrderTest" assertions="2" time="0.000299"/>
        <testcase name="testThrowsWhenItemsEmpty" file="/Users/vitorpaiva/Documents/Projects/pos-grad/ddd-orders-php/tests/Unit/Domain/Entities/OrderTest.php" line="53" class="Orders\Tests\Unit\Domain\Entities\OrderTest" classname="Orders.Tests.Unit.Domain.Entities.OrderTest" assertions="2" time="0.000160"/>
        <testcase name="testToDto" file="/Users/vitorpaiva/Documents/Projects/pos-grad/ddd-orders-php/tests/Unit/Domain/Entities/OrderTest.php" line="63" class="Orders\Tests\Unit\Domain\Entities\OrderTest" classname="Orders.Tests.Unit.Domain.Entities.OrderTest" assertions="3" time="0.000222"/>
      </testsuite>
      <testsuite name="Orders\Tests\Unit\Domain\ValueObjects\AddressTest" file="/Users/vitorpaiva/Documents/Projects/pos-grad/ddd-orders-php/tests/Unit/Domain/ValueObjects/AddressTest.php" tests="5" assertions="15" errors="0" failures="0" skipped="0" time="0.000897">
        <testcase name="testFromArrayCreatesAddress" file="/Users/vitorpaiva/Documents/Projects/pos-grad/ddd-orders-php/tests/Unit/Domain/ValueObjects/AddressTest.php" line="13" class="Orders\Tests\Unit\Domain\ValueObjects\AddressTest" classname="Orders.Tests.Unit.Domain.ValueObjects.AddressTest" assertions="7" time="0.000176"/>
        <testcase name="testFromArrayWithComplement" file="/Users/vitorpaiva/Documents/Projects/pos-grad/ddd-orders-php/tests/Unit/Domain/ValueObjects/AddressTest.php" line="27" class="Orders\Tests\Unit\Domain\ValueObjects\AddressTest" classname="Orders.Tests.Unit.Domain.ValueObjects.AddressTest" assertions="1" time="0.000098"/>
        <testcase name="testFromArrayThrowsWhenRequiredFieldMissing" file="/Users/vitorpaiva/Documents/Projects/pos-grad/ddd-orders-php/tests/Unit/Domain/ValueObjects/AddressTest.php" line="36" class="Orders\Tests\Unit\Domain\ValueObjects\AddressTest" classname="Orders.Tests.Unit.Domain.ValueObjects.AddressTest" assertions="2" time="0.000115"/>
        <testcase name="testFromArrayThrowsWhenStateNotTwoChars" file="/Users/vitorpaiva/Documents/Projects/pos-grad/ddd-orders-php/tests/Unit/Domain/ValueObjects/AddressTest.php" line="47" class="Orders\Tests\Unit\Domain\ValueObjects\AddressTest" classname="Orders.Tests.Unit.Domain.ValueObjects.AddressTest" assertions="2" time="0.000144"/>
        <testcase name="testToArrayReturnsCorrectStructure" file="/Users/vitorpaiva/Documents/Projects/pos-grad/ddd-orders-php/tests/Unit/Domain/ValueObjects/AddressTest.php" line="58" class="Orders\Tests\Unit\Domain\ValueObjects\AddressTest" classname="Orders.Tests.Unit.Domain.ValueObjects.AddressTest" assertions="3" time="0.000364"/>
      </testsuite>
      <testsuite name="Orders\Tests\Unit\Domain\ValueObjects\ItemTest" file="/Users/vitorpaiva/Documents/Projects/pos-grad/ddd-orders-php/tests/Unit/Domain/ValueObjects/ItemTest.php" tests="6" assertions="12" errors="0" failures="0" skipped="0" time="0.000550">
        <testcase name="testCreatesItem" file="/Users/vitorpaiva/Documents/Projects/pos-grad/ddd-orders-php/tests/Unit/Domain/ValueObjects/ItemTest.php" line="12" class="Orders\Tests\Unit\Domain\ValueObjects\ItemTest" classname="Orders.Tests.Unit.Domain.ValueObjects.ItemTest" assertions="3" time="0.000101"/>
        <testcase name="testCalculateSubtotal" file="/Users/vitorpaiva/Documents/Projects/pos-grad/ddd-orders-php/tests/Unit/Domain/ValueObjects/ItemTest.php" line="21" class="Orders\Tests\Unit\Domain\ValueObjects\ItemTest" classname="Orders.Tests.Unit.Domain.ValueObjects.ItemTest" assertions="1" time="0.000084"/>
        <testcase name="testThrowsWhenQuantityZero" file="/Users/vitorpaiva/Documents/Projects/pos-grad/ddd-orders-php/tests/Unit/Domain/ValueObjects/ItemTest.php" line="27" class="Orders\Tests\Unit\Domain\ValueObjects\ItemTest" classname="Orders.Tests.Unit.Domain.ValueObjects.ItemTest" assertions="2" time="0.000081"/>
        <testcase name="testThrowsWhenPriceZero" file="/Users/vitorpaiva/Documents/Projects/pos-grad/ddd-orders-php/tests/Unit/Domain/ValueObjects/ItemTest.php" line="35" class="Orders\Tests\Unit\Domain\ValueObjects\ItemTest" classname="Orders.Tests.Unit.Domain.ValueObjects.ItemTest" assertions="2" time="0.000096"/>
        <testcase name="testFromArray" file="/Users/vitorpaiva/Documents/Projects/pos-grad/ddd-orders-php/tests/Unit/Domain/ValueObjects/ItemTest.php" line="43" class="Orders\Tests\Unit\Domain\ValueObjects\ItemTest" classname="Orders.Tests.Unit.Domain.ValueObjects.ItemTest" assertions="3" time="0.000098"/>
        <testcase name="testToArray" file="/Users/vitorpaiva/Documents/Projects/pos-grad/ddd-orders-php/tests/Unit/Domain/ValueObjects/ItemTest.php" line="52" class="Orders\Tests\Unit\Domain\ValueObjects\ItemTest" classname="Orders.Tests.Unit.Domain.ValueObjects.ItemTest" assertions="1" time="0.000090"/>
      </testsuite>
      <testsuite name="Orders\Tests\Unit\Domain\ValueObjects\OrderStatusTransitionsTest" file="/Users/vitorpaiva/Documents/Projects/pos-grad/ddd-orders-php/tests/Unit/Domain/ValueObjects/OrderStatusTransitionsTest.php" tests="6" assertions="6" errors="0" failures="0" skipped="0" time="0.000486">
        <testcase name="testCanTransitionFromPendingPaymentToProductsReserved" file="/Users/vitorpaiva/Documents/Projects/pos-grad/ddd-orders-php/tests/Unit/Domain/ValueObjects/OrderStatusTransitionsTest.php" line="13" class="Orders\Tests\Unit\Domain\ValueObjects\OrderStatusTransitionsTest" classname="Orders.Tests.Unit.Domain.ValueObjects.OrderStatusTransitionsTest" assertions="1" time="0.000103"/>
        <testcase name="testCanTransitionFromPendingPaymentToCancelled" file="/Users/vitorpaiva/Documents/Projects/pos-grad/ddd-orders-php/tests/Unit/Domain/ValueObjects/OrderStatusTransitionsTest.php" line="20" class="Orders\Tests\Unit\Domain\ValueObjects\OrderStatusTransitionsTest" classname="Orders.Tests.Unit.Domain.ValueObjects.OrderStatusTransitionsTest" assertions="1" time="0.000083"/>
        <testcase name="testCannotTransitionFromPendingPaymentToPaymentProcessed" file="/Users/vitorpaiva/Documents/Projects/pos-grad/ddd-orders-php/tests/Unit/Domain/ValueObjects/OrderStatusTransitionsTest.php" line="27" class="Orders\Tests\Unit\Domain\ValueObjects\OrderStatusTransitionsTest" classname="Orders.Tests.Unit.Domain.ValueObjects.OrderStatusTransitionsTest" assertions="1" time="0.000077"/>
        <testcase name="testCanTransitionFromProductsReservedToPaymentProcessed" file="/Users/vitorpaiva/Documents/Projects/pos-grad/ddd-orders-php/tests/Unit/Domain/ValueObjects/OrderStatusTransitionsTest.php" line="34" class="Orders\Tests\Unit\Domain\ValueObjects\OrderStatusTransitionsTest" classname="Orders.Tests.Unit.Domain.ValueObjects.OrderStatusTransitionsTest" assertions="1" time="0.000078"/>
        <testcase name="testCannotTransitionFromDelivered" file="/Users/vitorpaiva/Documents/Projects/pos-grad/ddd-orders-php/tests/Unit/Domain/ValueObjects/OrderStatusTransitionsTest.php" line="41" class="Orders\Tests\Unit\Domain\ValueObjects\OrderStatusTransitionsTest" classname="Orders.Tests.Unit.Domain.ValueObjects.OrderStatusTransitionsTest" assertions="1" time="0.000074"/>
        <testcase name="testCanTransitionFromShippedToDelivered" file="/Users/vitorpaiva/Documents/Projects/pos-grad/ddd-orders-php/tests/Unit/Domain/ValueObjects/OrderStatusTransitionsTest.php" line="48" class="Orders\Tests\Unit\Domain\ValueObjects\OrderStatusTransitionsTest" classname="Orders.Tests.Unit.Domain.ValueObjects.OrderStatusTransitionsTest" assertions="1" time="0.000071"/>
      </testsuite>
      <testsuite name="Orders\Tests\Unit\Ports\CloseOrderUseCaseTest" file="/Users/vitorpaiva/Documents/Projects/pos-grad/ddd-orders-php/tests/Unit/Ports/CloseOrderUseCaseTest.php" tests="1" assertions="3" errors="0" failures="0" skipped="0" time="0.001630">
        <testcase name="testExecuteCreatesOrderAndSaves" file="/Users/vitorpaiva/Documents/Projects/pos-grad/ddd-orders-php/tests/Unit/Ports/CloseOrderUseCaseTest.php" line="13" class="Orders\Tests\Unit\Ports\CloseOrderUseCaseTest" classname="Orders.Tests.Unit.Ports.CloseOrderUseCaseTest" assertions="3" time="0.001630"/>
      </testsuite>
      <testsuite name="Orders\Tests\Unit\Ports\GetOrderUseCaseTest" file="/Users/vitorpaiva/Documents/Projects/pos-grad/ddd-orders-php/tests/Unit/Ports/GetOrderUseCaseTest.php" tests="2" assertions="2" errors="0" failures="0" skipped="0" time="0.000314">
        <testcase name="testExecuteReturnsOrderWhenFound" file="/Users/vitorpaiva/Documents/Projects/pos-grad/ddd-orders-php/tests/Unit/Ports/GetOrderUseCaseTest.php" line="14" class="Orders\Tests\Unit\Ports\GetOrderUseCaseTest" classname="Orders.Tests.Unit.Ports.GetOrderUseCaseTest" assertions="1" time="0.000148"/>
        <testcase name="testExecuteThrowsWhenNotFound" file="/Users/vitorpaiva/Documents/Projects/pos-grad/ddd-orders-php/tests/Unit/Ports/GetOrderUseCaseTest.php" line="27" class="Orders\Tests\Unit\Ports\GetOrderUseCaseTest" classname="Orders.Tests.Unit.Ports.GetOrderUseCaseTest" assertions="1" time="0.000167"/>
      </testsuite>
      <testsuite name="Orders\Tests\Unit\Ports\ListOrdersUseCaseTest" file="/Users/vitorpaiva/Documents/Projects/pos-grad/ddd-orders-php/tests/Unit/Ports/ListOrdersUseCaseTest.php" tests="2" assertions="2" errors="0" failures="0" skipped="0" time="0.000216">
        <testcase name="testExecuteReturnsEmptyWhenNoOrders" file="/Users/vitorpaiva/Documents/Projects/pos-grad/ddd-orders-php/tests/Unit/Ports/ListOrdersUseCaseTest.php" line="13" class="Orders\Tests\Unit\Ports\ListOrdersUseCaseTest" classname="Orders.Tests.Unit.Ports.ListOrdersUseCaseTest" assertions="1" time="0.000126"/>
        <testcase name="testExecuteReturnsAllOrders" file="/Users/vitorpaiva/Documents/Projects/pos-grad/ddd-orders-php/tests/Unit/Ports/ListOrdersUseCaseTest.php" line="23" class="Orders\Tests\Unit\Ports\ListOrdersUseCaseTest" classname="Orders.Tests.Unit.Ports.ListOrdersUseCaseTest" assertions="1" time="0.000089"/>
      </testsuite>
      <testsuite name="Orders\Tests\Unit\Ports\UpdateOrderStatusUseCaseTest" file="/Users/vitorpaiva/Documents/Projects/pos-grad/ddd-orders-php/tests/Unit/Ports/UpdateOrderStatusUseCaseTest.php" tests="2" assertions="2" errors="0" failures="0" skipped="0" time="0.000277">
        <testcase name="testExecuteUpdatesStatus" file="/Users/vitorpaiva/Documents/Projects/pos-grad/ddd-orders-php/tests/Unit/Ports/UpdateOrderStatusUseCaseTest.php" line="15" class="Orders\Tests\Unit\Ports\UpdateOrderStatusUseCaseTest" classname="Orders.Tests.Unit.Ports.UpdateOrderStatusUseCaseTest" assertions="1" time="0.000199"/>
        <testcase name="testExecuteThrowsWhenNotFound" file="/Users/vitorpaiva/Documents/Projects/pos-grad/ddd-orders-php/tests/Unit/Ports/UpdateOrderStatusUseCaseTest.php" line="31" class="Orders\Tests\Unit\Ports\UpdateOrderStatusUseCaseTest" classname="Orders.Tests.Unit.Ports.UpdateOrderStatusUseCaseTest" assertions="1" time="0.000077"/>
      </testsuite>
    </testsuite>
    <testsuite name="Integration" tests="6" assertions="18" errors="0" failures="0" skipped="0" time="0.010771">
      <testsuite name="Orders\Tests\Integration\ApiTest" file="/Users/vitorpaiva/Documents/Projects/pos-grad/ddd-orders-php/tests/Integration/ApiTest.php" tests="6" assertions="18" errors="0" failures="0" skipped="0" time="0.010771">
        <testcase name="testPostOrdersCloseCreatesOrder" file="/Users/vitorpaiva/Documents/Projects/pos-grad/ddd-orders-php/tests/Integration/ApiTest.php" line="21" class="Orders\Tests\Integration\ApiTest" classname="Orders.Tests.Integration.ApiTest" assertions="4" time="0.008578"/>
        <testcase name="testPostOrdersCloseInvalidBodyReturns400" file="/Users/vitorpaiva/Documents/Projects/pos-grad/ddd-orders-php/tests/Integration/ApiTest.php" line="37" class="Orders\Tests\Integration\ApiTest" classname="Orders.Tests.Integration.ApiTest" assertions="1" time="0.000351"/>
        <testcase name="testGetOrdersReturnsEmptyList" file="/Users/vitorpaiva/Documents/Projects/pos-grad/ddd-orders-php/tests/Integration/ApiTest.php" line="49" class="Orders\Tests\Integration\ApiTest" classname="Orders.Tests.Integration.ApiTest" assertions="3" time="0.000275"/>
        <testcase name="testGetOrderByIdReturns404WhenNotFound" file="/Users/vitorpaiva/Documents/Projects/pos-grad/ddd-orders-php/tests/Integration/ApiTest.php" line="60" class="Orders\Tests\Integration\ApiTest" classname="Orders.Tests.Integration.ApiTest" assertions="1" time="0.000255"/>
        <testcase name="testPutOrderStatusReturns404WhenNotFound" file="/Users/vitorpaiva/Documents/Projects/pos-grad/ddd-orders-php/tests/Integration/ApiTest.php" line="68" class="Orders\Tests\Integration\ApiTest" classname="Orders.Tests.Integration.ApiTest" assertions="1" time="0.000400"/>
        <testcase name="testFullFlowCreateListGetUpdate" file="/Users/vitorpaiva/Documents/Projects/pos-grad/ddd-orders-php/tests/Integration/ApiTest.php" line="80" class="Orders\Tests\Integration\ApiTest" classname="Orders.Tests.Integration.ApiTest" assertions="8" time="0.000912"/>
      </testsuite>
    </testsuite>
  </testsuite>
</testsuites>
